  Main.cpp
c:\users\ahmedno\documents\equationsolver\build\main.cpp(2): warning C4067: unexpected tokens following preprocessor directive - expected a newline
c:\users\ahmedno\documents\equationsolver\build\main.cpp(3): warning C4067: unexpected tokens following preprocessor directive - expected a newline
c:\users\ahmedno\documents\equationsolver\build\main.cpp(4): warning C4067: unexpected tokens following preprocessor directive - expected a newline
c:\users\ahmedno\documents\equationsolver\build\main.cpp(5): warning C4067: unexpected tokens following preprocessor directive - expected a newline
c:\users\ahmedno\documents\equationsolver\build\main.cpp(7): warning C4067: unexpected tokens following preprocessor directive - expected a newline
c:\users\ahmedno\documents\equationsolver\build\main.cpp(8): warning C4067: unexpected tokens following preprocessor directive - expected a newline
c:\users\ahmedno\documents\equationsolver\build\main.cpp(9): warning C4067: unexpected tokens following preprocessor directive - expected a newline
c:\users\ahmedno\documents\equationsolver\src\parsing\equationparser_h.h(9): warning C4067: unexpected tokens following preprocessor directive - expected a newline
c:\users\ahmedno\documents\equationsolver\build\main.cpp(10): warning C4067: unexpected tokens following preprocessor directive - expected a newline
  EquationSolver_Helper.cpp
c:\users\ahmedno\documents\equationsolver\src\solver\equationsolver_helper.cpp(1): warning C4067: unexpected tokens following preprocessor directive - expected a newline
  EquationSolver.cpp
c:\users\ahmedno\documents\equationsolver\src\solver\equationsolver.cpp(1): warning C4067: unexpected tokens following preprocessor directive - expected a newline
c:\users\ahmedno\documents\equationsolver\src\solver\equationsolver.cpp(2): warning C4067: unexpected tokens following preprocessor directive - expected a newline
  EquationParser_Helper.cpp
c:\users\ahmedno\documents\equationsolver\src\parsing\equationparser_helper.cpp(1): warning C4067: unexpected tokens following preprocessor directive - expected a newline
c:\users\ahmedno\documents\equationsolver\src\parsing\equationparser_helper_h.h(8): warning C4067: unexpected tokens following preprocessor directive - expected a newline
c:\users\ahmedno\documents\equationsolver\src\parsing\equationparser_helper.cpp(2): warning C4067: unexpected tokens following preprocessor directive - expected a newline
c:\users\ahmedno\documents\equationsolver\src\parsing\equationparser_helper.cpp(3): warning C4067: unexpected tokens following preprocessor directive - expected a newline
  EquationParser.cpp
c:\users\ahmedno\documents\equationsolver\src\parsing\equationparser.cpp(1): warning C4067: unexpected tokens following preprocessor directive - expected a newline
c:\users\ahmedno\documents\equationsolver\src\parsing\equationparser_h.h(9): warning C4067: unexpected tokens following preprocessor directive - expected a newline
c:\users\ahmedno\documents\equationsolver\src\parsing\equationparser.cpp(2): warning C4067: unexpected tokens following preprocessor directive - expected a newline
c:\users\ahmedno\documents\equationsolver\src\parsing\equationparser_helper_h.h(8): warning C4067: unexpected tokens following preprocessor directive - expected a newline
c:\users\ahmedno\documents\equationsolver\src\parsing\equationparser.cpp(3): warning C4067: unexpected tokens following preprocessor directive - expected a newline
c:\users\ahmedno\documents\equationsolver\src\parsing\equationparser.cpp(4): warning C4067: unexpected tokens following preprocessor directive - expected a newline
c:\users\ahmedno\documents\equationsolver\src\parsing\equationparser.cpp(22): warning C4018: '<': signed/unsigned mismatch
  PrintFile.cpp
c:\users\ahmedno\documents\equationsolver\src\output\printfile.cpp(4): warning C4067: unexpected tokens following preprocessor directive - expected a newline
c:\users\ahmedno\documents\equationsolver\src\output\printfile.cpp(5): warning C4067: unexpected tokens following preprocessor directive - expected a newline
c:\users\ahmedno\documents\equationsolver\src\output\printfile.cpp(6): warning C4067: unexpected tokens following preprocessor directive - expected a newline
c:\users\ahmedno\documents\equationsolver\src\output\printfile.cpp(7): warning C4067: unexpected tokens following preprocessor directive - expected a newline
  ReadFile.cpp
c:\users\ahmedno\documents\equationsolver\src\input\readfile.cpp(3): warning C4067: unexpected tokens following preprocessor directive - expected a newline
c:\users\ahmedno\documents\equationsolver\src\input\readfile.cpp(5): warning C4067: unexpected tokens following preprocessor directive - expected a newline
c:\users\ahmedno\documents\equationsolver\src\input\readfile.cpp(6): warning C4067: unexpected tokens following preprocessor directive - expected a newline
c:\users\ahmedno\documents\equationsolver\src\input\readfile.cpp(7): warning C4067: unexpected tokens following preprocessor directive - expected a newline
  Generating Code...
c:\users\ahmedno\documents\equationsolver\src\parsing\equationparser_helper.cpp(122): warning C4715: 'getCoefficient': not all control paths return a value
  EquationSolver.vcxproj -> C:\Users\ahmedno\Documents\EquationSolver\Build\Debug\EquationSolver.exe
