  EquationSolver_Helper.cpp
c:\users\ahmedno\documents\equationsolver\src\solver\equationsolver_helper.cpp(1): warning C4067: unexpected tokens following preprocessor directive - expected a newline
  EquationSolver.cpp
c:\users\ahmedno\documents\equationsolver\src\solver\equationsolver.cpp(1): warning C4067: unexpected tokens following preprocessor directive - expected a newline
c:\users\ahmedno\documents\equationsolver\src\solver\equationsolver.cpp(2): warning C4067: unexpected tokens following preprocessor directive - expected a newline
  EquationParser_Helper.cpp
c:\users\ahmedno\documents\equationsolver\src\parsing\equationparser_helper.cpp(1): warning C4067: unexpected tokens following preprocessor directive - expected a newline
c:\users\ahmedno\documents\equationsolver\src\parsing\equationparser_helper_h.h(8): warning C4067: unexpected tokens following preprocessor directive - expected a newline
c:\users\ahmedno\documents\equationsolver\src\parsing\equationparser_helper.cpp(2): warning C4067: unexpected tokens following preprocessor directive - expected a newline
c:\users\ahmedno\documents\equationsolver\src\parsing\equationparser_helper.cpp(3): warning C4067: unexpected tokens following preprocessor directive - expected a newline
c:\users\ahmedno\documents\equationsolver\src\parsing\equationparser_helper.cpp(20): warning C4267: 'initializing': conversion from 'size_t' to 'int', possible loss of data
c:\users\ahmedno\documents\equationsolver\src\parsing\equationparser_helper.cpp(35): warning C4267: 'initializing': conversion from 'size_t' to 'int', possible loss of data
c:\users\ahmedno\documents\equationsolver\src\parsing\equationparser_helper.cpp(40): warning C4267: 'initializing': conversion from 'size_t' to 'int', possible loss of data
c:\users\ahmedno\documents\equationsolver\src\parsing\equationparser_helper.cpp(41): warning C4267: 'initializing': conversion from 'size_t' to 'int', possible loss of data
c:\users\ahmedno\documents\equationsolver\src\parsing\equationparser_helper.cpp(47): warning C4267: 'initializing': conversion from 'size_t' to 'int', possible loss of data
  EquationParser.cpp
c:\users\ahmedno\documents\equationsolver\src\parsing\equationparser.cpp(1): warning C4067: unexpected tokens following preprocessor directive - expected a newline
c:\users\ahmedno\documents\equationsolver\src\parsing\equationparser_h.h(9): warning C4067: unexpected tokens following preprocessor directive - expected a newline
c:\users\ahmedno\documents\equationsolver\src\parsing\equationparser.cpp(2): warning C4067: unexpected tokens following preprocessor directive - expected a newline
c:\users\ahmedno\documents\equationsolver\src\parsing\equationparser_helper_h.h(8): warning C4067: unexpected tokens following preprocessor directive - expected a newline
c:\users\ahmedno\documents\equationsolver\src\parsing\equationparser.cpp(3): warning C4067: unexpected tokens following preprocessor directive - expected a newline
c:\users\ahmedno\documents\equationsolver\src\parsing\equationparser.cpp(4): warning C4067: unexpected tokens following preprocessor directive - expected a newline
c:\users\ahmedno\documents\equationsolver\src\parsing\equationparser.cpp(121): warning C4267: 'initializing': conversion from 'size_t' to 'int', possible loss of data
c:\users\ahmedno\documents\equationsolver\src\parsing\equationparser.cpp(122): warning C4267: 'initializing': conversion from 'size_t' to 'int', possible loss of data
  PrintFile.cpp
c:\users\ahmedno\documents\equationsolver\src\output\printfile.cpp(4): warning C4067: unexpected tokens following preprocessor directive - expected a newline
c:\users\ahmedno\documents\equationsolver\src\output\printfile.cpp(5): warning C4067: unexpected tokens following preprocessor directive - expected a newline
c:\users\ahmedno\documents\equationsolver\src\output\printfile.cpp(6): warning C4067: unexpected tokens following preprocessor directive - expected a newline
c:\users\ahmedno\documents\equationsolver\src\output\printfile.cpp(7): warning C4067: unexpected tokens following preprocessor directive - expected a newline
  ReadFile.cpp
c:\users\ahmedno\documents\equationsolver\src\input\readfile.cpp(3): warning C4067: unexpected tokens following preprocessor directive - expected a newline
c:\users\ahmedno\documents\equationsolver\src\input\readfile.cpp(5): warning C4067: unexpected tokens following preprocessor directive - expected a newline
c:\users\ahmedno\documents\equationsolver\src\input\readfile.cpp(6): warning C4067: unexpected tokens following preprocessor directive - expected a newline
c:\users\ahmedno\documents\equationsolver\src\input\readfile.cpp(7): warning C4067: unexpected tokens following preprocessor directive - expected a newline
  Generating Code...
c:\users\ahmedno\documents\equationsolver\src\parsing\equationparser_helper.cpp(122): warning C4715: 'getCoefficient': not all control paths return a value
  EquationSolver.vcxproj -> C:\Users\ahmedno\Documents\EquationSolver\Build\x64\Debug\EquationSolver.exe
